Build started 3/8/2014 3:50:59 PM.
     1>Project "S:\cis563\hw2\PBD_starterkit_glut\PBD_starterkit\PositionBasedDynamics\PositionBasedDynamics.vcxproj" on node 2 (build target(s)).
     1>InitializeBuildStatus:
         Creating "Debug\PositionBasedDynamics.unsuccessfulbuild" because "AlwaysCreate" was specified.
       ClCompile:
         c:\Program Files (x86)\Microsoft Visual Studio 10.0\VC\bin\CL.exe /c /I../tinyxml /I../glm /I../glew/include /I../glfw/include /I../freeglut/include /ZI /nologo /W3 /WX- /Od /Oy- /D WIN32 /D _DEBUG /D _CONSOLE /D _UNICODE /D UNICODE /Gm /EHsc /RTC1 /MDd /GS /fp:precise /Zc:wchar_t /Zc:forScope /Fo"Debug\\" /Fd"Debug\vc100.pdb" /Gd /TP /analyze- /errorReport:prompt Source\cloth_sim.cpp
         cloth_sim.cpp
     1>s:\cis563\hw2\pbd_starterkit_glut\pbd_starterkit\positionbaseddynamics\source\cloth_sim.cpp(338): warning C4101: 'phi' : unreferenced local variable
     1>s:\cis563\hw2\pbd_starterkit_glut\pbd_starterkit\positionbaseddynamics\source\cloth_sim.cpp(423): warning C4018: '<' : signed/unsigned mismatch
     1>s:\cis563\hw2\pbd_starterkit_glut\pbd_starterkit\positionbaseddynamics\source\cloth_sim.cpp(425): warning C4018: '<' : signed/unsigned mismatch
     1>s:\cis563\hw2\pbd_starterkit_glut\pbd_starterkit\positionbaseddynamics\source\cloth_sim.cpp(429): warning C4244: '+=' : conversion from 'double' to 'float', possible loss of data
     1>s:\cis563\hw2\pbd_starterkit_glut\pbd_starterkit\positionbaseddynamics\source\cloth_sim.cpp(437): warning C4018: '<' : signed/unsigned mismatch
     1>s:\cis563\hw2\pbd_starterkit_glut\pbd_starterkit\positionbaseddynamics\source\cloth_sim.cpp(439): warning C4018: '<' : signed/unsigned mismatch
     1>s:\cis563\hw2\pbd_starterkit_glut\pbd_starterkit\positionbaseddynamics\source\cloth_sim.cpp(449): warning C4018: '<' : signed/unsigned mismatch
     1>s:\cis563\hw2\pbd_starterkit_glut\pbd_starterkit\positionbaseddynamics\source\cloth_sim.cpp(451): warning C4018: '<' : signed/unsigned mismatch
     1>s:\cis563\hw2\pbd_starterkit_glut\pbd_starterkit\positionbaseddynamics\source\cloth_sim.cpp(454): warning C4244: 'initializing' : conversion from 'double' to 'float', possible loss of data
     1>s:\cis563\hw2\pbd_starterkit_glut\pbd_starterkit\positionbaseddynamics\source\cloth_sim.cpp(468): warning C4018: '<' : signed/unsigned mismatch
     1>s:\cis563\hw2\pbd_starterkit_glut\pbd_starterkit\positionbaseddynamics\source\cloth_sim.cpp(470): warning C4018: '<' : signed/unsigned mismatch
     1>s:\cis563\hw2\pbd_starterkit_glut\pbd_starterkit\positionbaseddynamics\source\cloth_sim.cpp(562): warning C4101: 'norm_fraction' : unreferenced local variable
         All outputs are up-to-date.
       ManifestResourceCompile:
         All outputs are up-to-date.
       Link:
         c:\Program Files (x86)\Microsoft Visual Studio 10.0\VC\bin\link.exe /ERRORREPORT:PROMPT /OUT:"S:\cis563\hw2\PBD_starterkit_glut\PBD_starterkit\Debug\PositionBasedDynamics.exe" /INCREMENTAL /NOLOGO /LIBPATH:../glew/lib /LIBPATH:../glfw/lib /LIBPATH:../tinyxml /LIBPATH:../freeglut/lib tinyxmld_STL.lib glew32.lib glu32.lib opengl32.lib freeglut.lib kernel32.lib user32.lib gdi32.lib winspool.lib comdlg32.lib advapi32.lib shell32.lib ole32.lib oleaut32.lib uuid.lib odbc32.lib odbccp32.lib /MANIFEST /ManifestFile:"Debug\PositionBasedDynamics.exe.intermediate.manifest" /MANIFESTUAC:"level='asInvoker' uiAccess='false'" /DEBUG /PDB:"S:\cis563\hw2\PBD_starterkit_glut\PBD_starterkit\Debug\PositionBasedDynamics.pdb" /SUBSYSTEM:CONSOLE /TLBID:1 /DYNAMICBASE /NXCOMPAT /IMPLIB:"S:\cis563\hw2\PBD_starterkit_glut\PBD_starterkit\Debug\PositionBasedDynamics.lib" /MACHINE:X86 Debug\PositionBasedDynamics.exe.embed.manifest.res
         Debug\cloth_sim.obj
         Debug\constraint.obj
         Debug\main.obj
         Debug\scene.obj
         Debug\stb_image.obj
         Debug\stb_image_write.obj
       Manifest:
         C:\Program Files (x86)\Microsoft SDKs\Windows\v7.0A\bin\mt.exe /nologo /verbose /out:"Debug\PositionBasedDynamics.exe.embed.manifest" /manifest Debug\PositionBasedDynamics.exe.intermediate.manifest
         All outputs are up-to-date.
       LinkEmbedManifest:
         All outputs are up-to-date.
         PositionBasedDynamics.vcxproj -> S:\cis563\hw2\PBD_starterkit_glut\PBD_starterkit\Debug\PositionBasedDynamics.exe
       FinalizeBuildStatus:
         Deleting file "Debug\PositionBasedDynamics.unsuccessfulbuild".
         Touching "Debug\PositionBasedDynamics.lastbuildstate".
     1>Done Building Project "S:\cis563\hw2\PBD_starterkit_glut\PBD_starterkit\PositionBasedDynamics\PositionBasedDynamics.vcxproj" (build target(s)).

Build succeeded.

Time Elapsed 00:00:10.79
