C:\Users\Tiantian\Documents\TA\cis563 2013\homework\hw1\clean\JelloSim_basecode\tinyxml\Debug_STL\BscMake.command.1.tlog
C:\Users\Tiantian\Documents\TA\cis563 2013\homework\hw1\clean\JelloSim_basecode\tinyxml\Debug_STL\bscmake.read.1.tlog
C:\Users\Tiantian\Documents\TA\cis563 2013\homework\hw1\clean\JelloSim_basecode\tinyxml\Debug_STL\bscmake.write.1.tlog
C:\Users\Tiantian\Documents\TA\cis563 2013\homework\hw1\clean\JelloSim_basecode\tinyxml\Debug_STL\cl.command.1.tlog
C:\Users\Tiantian\Documents\TA\cis563 2013\homework\hw1\clean\JelloSim_basecode\tinyxml\Debug_STL\CL.read.1.tlog
C:\Users\Tiantian\Documents\TA\cis563 2013\homework\hw1\clean\JelloSim_basecode\tinyxml\Debug_STL\CL.write.1.tlog
C:\Users\Tiantian\Documents\TA\cis563 2013\homework\hw1\clean\JelloSim_basecode\tinyxml\Debug_STL\lib.command.1.tlog
C:\Users\Tiantian\Documents\TA\cis563 2013\homework\hw1\clean\JelloSim_basecode\tinyxml\Debug_STL\Lib-link.read.1.tlog
C:\Users\Tiantian\Documents\TA\cis563 2013\homework\hw1\clean\JelloSim_basecode\tinyxml\Debug_STL\Lib-link.write.1.tlog
C:\USERS\TIANTIAN\DOCUMENTS\TA\CIS563 2013\HOMEWORK\HW1\CLEAN\JELLOSIM_BASECODE\TINYXML\DEBUG_STL\TINYSTR.OBJ
C:\USERS\TIANTIAN\DOCUMENTS\TA\CIS563 2013\HOMEWORK\HW1\CLEAN\JELLOSIM_BASECODE\TINYXML\DEBUG_STL\TINYSTR.SBR
C:\USERS\TIANTIAN\DOCUMENTS\TA\CIS563 2013\HOMEWORK\HW1\CLEAN\JELLOSIM_BASECODE\TINYXML\DEBUG_STL\TINYXML.OBJ
C:\USERS\TIANTIAN\DOCUMENTS\TA\CIS563 2013\HOMEWORK\HW1\CLEAN\JELLOSIM_BASECODE\TINYXML\DEBUG_STL\TINYXML.SBR
C:\USERS\TIANTIAN\DOCUMENTS\TA\CIS563 2013\HOMEWORK\HW1\CLEAN\JELLOSIM_BASECODE\TINYXML\DEBUG_STL\TINYXMLERROR.OBJ
C:\USERS\TIANTIAN\DOCUMENTS\TA\CIS563 2013\HOMEWORK\HW1\CLEAN\JELLOSIM_BASECODE\TINYXML\DEBUG_STL\TINYXMLERROR.SBR
C:\USERS\TIANTIAN\DOCUMENTS\TA\CIS563 2013\HOMEWORK\HW1\CLEAN\JELLOSIM_BASECODE\TINYXML\DEBUG_STL\TINYXMLPARSER.OBJ
C:\USERS\TIANTIAN\DOCUMENTS\TA\CIS563 2013\HOMEWORK\HW1\CLEAN\JELLOSIM_BASECODE\TINYXML\DEBUG_STL\TINYXMLPARSER.SBR
C:\USERS\TIANTIAN\DOCUMENTS\TA\CIS563 2013\HOMEWORK\HW1\CLEAN\JELLOSIM_BASECODE\TINYXML\DEBUG_STL\TINYXMLSTL.BSC
C:\Users\Tiantian\Documents\TA\cis563 2013\homework\hw1\clean\JelloSim_basecode\tinyxml\Debug_STL\vc100.idb
C:\USERS\TIANTIAN\DOCUMENTS\TA\CIS563 2013\HOMEWORK\HW1\CLEAN\JELLOSIM_BASECODE\TINYXML\DEBUG_STL\VC100.PDB
C:\USERS\TIANTIAN\DOCUMENTS\TA\CIS563 2013\HOMEWORK\HW1\CLEAN\JELLOSIM_BASECODE\TINYXML\TINYXMLD_STL.LIB
